2016-10-27 09:51:16,004 - NBC.statistics - INFO - Calculating Expected Value
2016-10-27 09:51:16,004 - NBC.statistics - INFO - Done -- Returning Expected Value
2016-10-27 09:51:16,004 - NBC.statistics - INFO - Calculating Variance
2016-10-27 09:51:16,004 - NBC.statistics - INFO - Calculating Expected Value
2016-10-27 09:51:16,004 - NBC.statistics - INFO - Done -- Returning Expected Value
2016-10-27 09:51:16,004 - NBC.statistics - INFO - Done -- Returning Variance
2016-10-27 09:51:16,004 - NBC.statistics - INFO - Calculating St. Dev
2016-10-27 09:51:16,004 - NBC.statistics - INFO - Calculating Variance
2016-10-27 09:51:16,005 - NBC.statistics - INFO - Calculating Expected Value
2016-10-27 09:51:16,005 - NBC.statistics - INFO - Done -- Returning Expected Value
2016-10-27 09:51:16,005 - NBC.statistics - INFO - Done -- Returning Variance
2016-10-27 09:51:16,005 - NBC.statistics - INFO - Done -- Returning St. Dev
2016-10-27 09:51:16,005 - NBC.statistics - INFO - Calculating Expected Value
2016-10-27 09:51:16,005 - NBC.statistics - INFO - Done -- Returning Expected Value
2016-10-27 09:51:16,005 - NBC.statistics - INFO - Calculating Variance
2016-10-27 09:51:16,005 - NBC.statistics - INFO - Calculating Expected Value
2016-10-27 09:51:16,005 - NBC.statistics - INFO - Done -- Returning Expected Value
2016-10-27 09:51:16,005 - NBC.statistics - INFO - Done -- Returning Variance
2016-10-27 09:51:16,005 - NBC.statistics - INFO - Calculating St. Dev
2016-10-27 09:51:16,006 - NBC.statistics - INFO - Calculating Variance
2016-10-27 09:51:16,006 - NBC.statistics - INFO - Calculating Expected Value
2016-10-27 09:51:16,006 - NBC.statistics - INFO - Done -- Returning Expected Value
2016-10-27 09:51:16,006 - NBC.statistics - INFO - Done -- Returning Variance
2016-10-27 09:51:16,006 - NBC.statistics - INFO - Done -- Returning St. Dev
2016-10-27 09:51:16,006 - NBC.statistics - INFO - Calculating Expected Value
2016-10-27 09:51:16,006 - NBC.statistics - INFO - Done -- Returning Expected Value
2016-10-27 09:51:16,006 - NBC.statistics - INFO - Calculating Variance
2016-10-27 09:51:16,006 - NBC.statistics - INFO - Calculating Expected Value
2016-10-27 09:51:16,006 - NBC.statistics - INFO - Done -- Returning Expected Value
2016-10-27 09:51:16,006 - NBC.statistics - INFO - Done -- Returning Variance
2016-10-27 09:51:16,007 - NBC.statistics - INFO - Calculating St. Dev
2016-10-27 09:51:16,007 - NBC.statistics - INFO - Calculating Variance
2016-10-27 09:51:16,007 - NBC.statistics - INFO - Calculating Expected Value
2016-10-27 09:51:16,007 - NBC.statistics - INFO - Done -- Returning Expected Value
2016-10-27 09:51:16,007 - NBC.statistics - INFO - Done -- Returning Variance
2016-10-27 09:51:16,007 - NBC.statistics - INFO - Done -- Returning St. Dev
2016-10-27 09:51:16,007 - NBC.statistics - INFO - Calculating Expected Value
2016-10-27 09:51:16,007 - NBC.statistics - INFO - Done -- Returning Expected Value
2016-10-27 09:51:16,007 - NBC.statistics - INFO - Calculating Variance
2016-10-27 09:51:16,007 - NBC.statistics - INFO - Calculating Expected Value
2016-10-27 09:51:16,007 - NBC.statistics - INFO - Done -- Returning Expected Value
2016-10-27 09:51:16,008 - NBC.statistics - INFO - Done -- Returning Variance
2016-10-27 09:51:16,008 - NBC.statistics - INFO - Calculating St. Dev
2016-10-27 09:51:16,008 - NBC.statistics - INFO - Calculating Variance
2016-10-27 09:51:16,008 - NBC.statistics - INFO - Calculating Expected Value
2016-10-27 09:51:16,008 - NBC.statistics - INFO - Done -- Returning Expected Value
2016-10-27 09:51:16,008 - NBC.statistics - INFO - Done -- Returning Variance
2016-10-27 09:51:16,008 - NBC.statistics - INFO - Done -- Returning St. Dev
2016-10-27 09:51:16,008 - NBC.statistics - INFO - Calculating Expected Value
2016-10-27 09:51:16,008 - NBC.statistics - INFO - Done -- Returning Expected Value
2016-10-27 09:51:16,008 - NBC.statistics - INFO - Calculating Variance
2016-10-27 09:51:16,008 - NBC.statistics - INFO - Calculating Expected Value
2016-10-27 09:51:16,008 - NBC.statistics - INFO - Done -- Returning Expected Value
2016-10-27 09:51:16,009 - NBC.statistics - INFO - Done -- Returning Variance
2016-10-27 09:51:16,009 - NBC.statistics - INFO - Calculating St. Dev
2016-10-27 09:51:16,009 - NBC.statistics - INFO - Calculating Variance
2016-10-27 09:51:16,009 - NBC.statistics - INFO - Calculating Expected Value
2016-10-27 09:51:16,009 - NBC.statistics - INFO - Done -- Returning Expected Value
2016-10-27 09:51:16,009 - NBC.statistics - INFO - Done -- Returning Variance
2016-10-27 09:51:16,009 - NBC.statistics - INFO - Done -- Returning St. Dev
2016-10-27 09:51:16,009 - NBC.statistics - INFO - Calculating Expected Value
2016-10-27 09:51:16,009 - NBC.statistics - INFO - Done -- Returning Expected Value
2016-10-27 09:51:16,009 - NBC.statistics - INFO - Calculating Variance
2016-10-27 09:51:16,010 - NBC.statistics - INFO - Calculating Expected Value
2016-10-27 09:51:16,010 - NBC.statistics - INFO - Done -- Returning Expected Value
2016-10-27 09:51:16,010 - NBC.statistics - INFO - Done -- Returning Variance
2016-10-27 09:51:16,010 - NBC.statistics - INFO - Calculating St. Dev
2016-10-27 09:51:16,010 - NBC.statistics - INFO - Calculating Variance
2016-10-27 09:51:16,010 - NBC.statistics - INFO - Calculating Expected Value
2016-10-27 09:51:16,010 - NBC.statistics - INFO - Done -- Returning Expected Value
2016-10-27 09:51:16,010 - NBC.statistics - INFO - Done -- Returning Variance
2016-10-27 09:51:16,010 - NBC.statistics - INFO - Done -- Returning St. Dev
2016-10-27 09:51:16,010 - NBC.statistics - INFO - Calculating Expected Value
2016-10-27 09:51:16,010 - NBC.statistics - INFO - Done -- Returning Expected Value
2016-10-27 09:51:16,011 - NBC.statistics - INFO - Calculating Variance
2016-10-27 09:51:16,011 - NBC.statistics - INFO - Calculating Expected Value
2016-10-27 09:51:16,011 - NBC.statistics - INFO - Done -- Returning Expected Value
2016-10-27 09:51:16,011 - NBC.statistics - INFO - Done -- Returning Variance
2016-10-27 09:51:16,011 - NBC.statistics - INFO - Calculating St. Dev
2016-10-27 09:51:16,011 - NBC.statistics - INFO - Calculating Variance
2016-10-27 09:51:16,011 - NBC.statistics - INFO - Calculating Expected Value
2016-10-27 09:51:16,011 - NBC.statistics - INFO - Done -- Returning Expected Value
2016-10-27 09:51:16,011 - NBC.statistics - INFO - Done -- Returning Variance
2016-10-27 09:51:16,011 - NBC.statistics - INFO - Done -- Returning St. Dev
2016-10-27 09:51:16,012 - NBC.statistics - INFO - Calculating Expected Value
2016-10-27 09:51:16,012 - NBC.statistics - INFO - Done -- Returning Expected Value
2016-10-27 09:51:16,012 - NBC.statistics - INFO - Calculating Variance
2016-10-27 09:51:16,012 - NBC.statistics - INFO - Calculating Expected Value
2016-10-27 09:51:16,012 - NBC.statistics - INFO - Done -- Returning Expected Value
2016-10-27 09:51:16,012 - NBC.statistics - INFO - Done -- Returning Variance
2016-10-27 09:51:16,012 - NBC.statistics - INFO - Calculating St. Dev
2016-10-27 09:51:16,012 - NBC.statistics - INFO - Calculating Variance
2016-10-27 09:51:16,012 - NBC.statistics - INFO - Calculating Expected Value
2016-10-27 09:51:16,012 - NBC.statistics - INFO - Done -- Returning Expected Value
2016-10-27 09:51:16,013 - NBC.statistics - INFO - Done -- Returning Variance
2016-10-27 09:51:16,013 - NBC.statistics - INFO - Done -- Returning St. Dev
2016-10-27 09:51:16,013 - NBC.statistics - INFO - Calculating Expected Value
2016-10-27 09:51:16,013 - NBC.statistics - INFO - Done -- Returning Expected Value
2016-10-27 09:51:16,013 - NBC.statistics - INFO - Calculating Variance
2016-10-27 09:51:16,013 - NBC.statistics - INFO - Calculating Expected Value
2016-10-27 09:51:16,013 - NBC.statistics - INFO - Done -- Returning Expected Value
2016-10-27 09:51:16,013 - NBC.statistics - INFO - Done -- Returning Variance
2016-10-27 09:51:16,013 - NBC.statistics - INFO - Calculating St. Dev
2016-10-27 09:51:16,013 - NBC.statistics - INFO - Calculating Variance
2016-10-27 09:51:16,013 - NBC.statistics - INFO - Calculating Expected Value
2016-10-27 09:51:16,013 - NBC.statistics - INFO - Done -- Returning Expected Value
2016-10-27 09:51:16,014 - NBC.statistics - INFO - Done -- Returning Variance
2016-10-27 09:51:16,014 - NBC.statistics - INFO - Done -- Returning St. Dev
2016-10-27 09:51:16,014 - NBC.statistics - INFO - Calculating Expected Value
2016-10-27 09:51:16,014 - NBC.statistics - INFO - Done -- Returning Expected Value
2016-10-27 09:51:16,014 - NBC.statistics - INFO - Calculating Variance
2016-10-27 09:51:16,014 - NBC.statistics - INFO - Calculating Expected Value
2016-10-27 09:51:16,014 - NBC.statistics - INFO - Done -- Returning Expected Value
2016-10-27 09:51:16,014 - NBC.statistics - INFO - Done -- Returning Variance
2016-10-27 09:51:16,014 - NBC.statistics - INFO - Calculating St. Dev
2016-10-27 09:51:16,015 - NBC.statistics - INFO - Calculating Variance
2016-10-27 09:51:16,015 - NBC.statistics - INFO - Calculating Expected Value
2016-10-27 09:51:16,015 - NBC.statistics - INFO - Done -- Returning Expected Value
2016-10-27 09:51:16,015 - NBC.statistics - INFO - Done -- Returning Variance
2016-10-27 09:51:16,015 - NBC.statistics - INFO - Done -- Returning St. Dev
2016-10-27 09:51:16,015 - NBC.statistics - INFO - Calculating Expected Value
2016-10-27 09:51:16,015 - NBC.statistics - INFO - Done -- Returning Expected Value
2016-10-27 09:51:16,015 - NBC.statistics - INFO - Calculating Variance
2016-10-27 09:51:16,015 - NBC.statistics - INFO - Calculating Expected Value
2016-10-27 09:51:16,015 - NBC.statistics - INFO - Done -- Returning Expected Value
2016-10-27 09:51:16,015 - NBC.statistics - INFO - Done -- Returning Variance
2016-10-27 09:51:16,015 - NBC.statistics - INFO - Calculating St. Dev
2016-10-27 09:51:16,016 - NBC.statistics - INFO - Calculating Variance
2016-10-27 09:51:16,016 - NBC.statistics - INFO - Calculating Expected Value
2016-10-27 09:51:16,016 - NBC.statistics - INFO - Done -- Returning Expected Value
2016-10-27 09:51:16,016 - NBC.statistics - INFO - Done -- Returning Variance
2016-10-27 09:51:16,016 - NBC.statistics - INFO - Done -- Returning St. Dev
2016-10-27 09:51:16,016 - NBC.statistics - INFO - Calculating Expected Value
2016-10-27 09:51:16,016 - NBC.statistics - INFO - Done -- Returning Expected Value
2016-10-27 09:51:16,016 - NBC.statistics - INFO - Calculating Variance
2016-10-27 09:51:16,016 - NBC.statistics - INFO - Calculating Expected Value
2016-10-27 09:51:16,016 - NBC.statistics - INFO - Done -- Returning Expected Value
2016-10-27 09:51:16,016 - NBC.statistics - INFO - Done -- Returning Variance
2016-10-27 09:51:16,016 - NBC.statistics - INFO - Calculating St. Dev
2016-10-27 09:51:16,017 - NBC.statistics - INFO - Calculating Variance
2016-10-27 09:51:16,017 - NBC.statistics - INFO - Calculating Expected Value
2016-10-27 09:51:16,017 - NBC.statistics - INFO - Done -- Returning Expected Value
2016-10-27 09:51:16,017 - NBC.statistics - INFO - Done -- Returning Variance
2016-10-27 09:51:16,017 - NBC.statistics - INFO - Done -- Returning St. Dev
2016-10-27 09:51:16,017 - NBC.statistics - INFO - Calculating Expected Value
2016-10-27 09:51:16,017 - NBC.statistics - INFO - Done -- Returning Expected Value
2016-10-27 09:51:16,017 - NBC.statistics - INFO - Calculating Variance
2016-10-27 09:51:16,017 - NBC.statistics - INFO - Calculating Expected Value
2016-10-27 09:51:16,017 - NBC.statistics - INFO - Done -- Returning Expected Value
2016-10-27 09:51:16,017 - NBC.statistics - INFO - Done -- Returning Variance
2016-10-27 09:51:16,017 - NBC.statistics - INFO - Calculating St. Dev
2016-10-27 09:51:16,018 - NBC.statistics - INFO - Calculating Variance
2016-10-27 09:51:16,018 - NBC.statistics - INFO - Calculating Expected Value
2016-10-27 09:51:16,018 - NBC.statistics - INFO - Done -- Returning Expected Value
2016-10-27 09:51:16,018 - NBC.statistics - INFO - Done -- Returning Variance
2016-10-27 09:51:16,018 - NBC.statistics - INFO - Done -- Returning St. Dev
2016-10-27 09:51:16,018 - NBC.statistics - INFO - Calculating Expected Value
2016-10-27 09:51:16,018 - NBC.statistics - INFO - Done -- Returning Expected Value
2016-10-27 09:51:16,018 - NBC.statistics - INFO - Calculating Variance
2016-10-27 09:51:16,018 - NBC.statistics - INFO - Calculating Expected Value
2016-10-27 09:51:16,018 - NBC.statistics - INFO - Done -- Returning Expected Value
2016-10-27 09:51:16,018 - NBC.statistics - INFO - Done -- Returning Variance
2016-10-27 09:51:16,018 - NBC.statistics - INFO - Calculating St. Dev
2016-10-27 09:51:16,019 - NBC.statistics - INFO - Calculating Variance
2016-10-27 09:51:16,019 - NBC.statistics - INFO - Calculating Expected Value
2016-10-27 09:51:16,019 - NBC.statistics - INFO - Done -- Returning Expected Value
2016-10-27 09:51:16,019 - NBC.statistics - INFO - Done -- Returning Variance
2016-10-27 09:51:16,019 - NBC.statistics - INFO - Done -- Returning St. Dev
2016-10-27 09:51:16,019 - NBC.statistics - INFO - Calculating Expected Value
2016-10-27 09:51:16,019 - NBC.statistics - INFO - Done -- Returning Expected Value
2016-10-27 09:51:16,019 - NBC.statistics - INFO - Calculating Variance
2016-10-27 09:51:16,019 - NBC.statistics - INFO - Calculating Expected Value
2016-10-27 09:51:16,019 - NBC.statistics - INFO - Done -- Returning Expected Value
2016-10-27 09:51:16,019 - NBC.statistics - INFO - Done -- Returning Variance
2016-10-27 09:51:16,019 - NBC.statistics - INFO - Calculating St. Dev
2016-10-27 09:51:16,020 - NBC.statistics - INFO - Calculating Variance
2016-10-27 09:51:16,020 - NBC.statistics - INFO - Calculating Expected Value
2016-10-27 09:51:16,020 - NBC.statistics - INFO - Done -- Returning Expected Value
2016-10-27 09:51:16,020 - NBC.statistics - INFO - Done -- Returning Variance
2016-10-27 09:51:16,020 - NBC.statistics - INFO - Done -- Returning St. Dev
2016-10-27 09:51:16,020 - NBC.statistics - INFO - Calculating Expected Value
2016-10-27 09:51:16,020 - NBC.statistics - INFO - Done -- Returning Expected Value
2016-10-27 09:51:16,020 - NBC.statistics - INFO - Calculating Variance
2016-10-27 09:51:16,020 - NBC.statistics - INFO - Calculating Expected Value
2016-10-27 09:51:16,020 - NBC.statistics - INFO - Done -- Returning Expected Value
2016-10-27 09:51:16,020 - NBC.statistics - INFO - Done -- Returning Variance
2016-10-27 09:51:16,020 - NBC.statistics - INFO - Calculating St. Dev
2016-10-27 09:51:16,021 - NBC.statistics - INFO - Calculating Variance
2016-10-27 09:51:16,021 - NBC.statistics - INFO - Calculating Expected Value
2016-10-27 09:51:16,021 - NBC.statistics - INFO - Done -- Returning Expected Value
2016-10-27 09:51:16,021 - NBC.statistics - INFO - Done -- Returning Variance
2016-10-27 09:51:16,021 - NBC.statistics - INFO - Done -- Returning St. Dev
2016-10-27 09:51:16,021 - NBC.statistics - INFO - Calculating Expected Value
2016-10-27 09:51:16,021 - NBC.statistics - INFO - Done -- Returning Expected Value
2016-10-27 09:51:16,021 - NBC.statistics - INFO - Calculating Variance
2016-10-27 09:51:16,021 - NBC.statistics - INFO - Calculating Expected Value
2016-10-27 09:51:16,021 - NBC.statistics - INFO - Done -- Returning Expected Value
2016-10-27 09:51:16,021 - NBC.statistics - INFO - Done -- Returning Variance
2016-10-27 09:51:16,022 - NBC.statistics - INFO - Calculating St. Dev
2016-10-27 09:51:16,022 - NBC.statistics - INFO - Calculating Variance
2016-10-27 09:51:16,022 - NBC.statistics - INFO - Calculating Expected Value
2016-10-27 09:51:16,022 - NBC.statistics - INFO - Done -- Returning Expected Value
2016-10-27 09:51:16,022 - NBC.statistics - INFO - Done -- Returning Variance
2016-10-27 09:51:16,022 - NBC.statistics - INFO - Done -- Returning St. Dev
2016-10-27 09:51:16,022 - NBC.statistics - INFO - Calculating Expected Value
2016-10-27 09:51:16,022 - NBC.statistics - INFO - Done -- Returning Expected Value
2016-10-27 09:51:16,022 - NBC.statistics - INFO - Calculating Variance
2016-10-27 09:51:16,022 - NBC.statistics - INFO - Calculating Expected Value
2016-10-27 09:51:16,022 - NBC.statistics - INFO - Done -- Returning Expected Value
2016-10-27 09:51:16,022 - NBC.statistics - INFO - Done -- Returning Variance
2016-10-27 09:51:16,022 - NBC.statistics - INFO - Calculating St. Dev
2016-10-27 09:51:16,023 - NBC.statistics - INFO - Calculating Variance
2016-10-27 09:51:16,023 - NBC.statistics - INFO - Calculating Expected Value
2016-10-27 09:51:16,023 - NBC.statistics - INFO - Done -- Returning Expected Value
2016-10-27 09:51:16,023 - NBC.statistics - INFO - Done -- Returning Variance
2016-10-27 09:51:16,023 - NBC.statistics - INFO - Done -- Returning St. Dev
